0 info it worked if it ends with ok
1 verbose cli [ '/Users/brandon/.nvm/versions/node/v10.5.0/bin/node',
1 verbose cli   '/Users/brandon/.nvm/versions/node/v10.5.0/bin/npm',
1 verbose cli   'run',
1 verbose cli   'test',
1 verbose cli   '--no-cache' ]
2 info using npm@6.1.0
3 info using node@v10.5.0
4 verbose run-script [ 'pretest', 'test', 'posttest' ]
5 info lifecycle @~pretest: @
6 info lifecycle @~test: @
7 verbose lifecycle @~test: unsafe-perm in lifecycle true
8 verbose lifecycle @~test: PATH: /Users/brandon/.nvm/versions/node/v10.5.0/lib/node_modules/npm/node_modules/npm-lifecycle/node-gyp-bin:/Users/brandon/Desktop/HR/FEC/node_modules/.bin:/Users/brandon/.nvm/versions/node/v10.5.0/bin:/Users/brandon/anaconda3/bin:/usr/bin:/bin:/usr/sbin:/sbin:/usr/local/bin:/usr/local/share/dotnet:~/.dotnet/tools:/Library/Frameworks/Mono.framework/Versions/Current/Commands
9 verbose lifecycle @~test: CWD: /Users/brandon/Desktop/HR/FEC
10 silly lifecycle @~test: Args: [ '-c', 'jest' ]
11 silly lifecycle @~test: Returned: code: 1  signal: null
12 info lifecycle @~test: Failed to exec test script
13 verbose stack Error: @ test: `jest`
13 verbose stack Exit status 1
13 verbose stack     at EventEmitter.<anonymous> (/Users/brandon/.nvm/versions/node/v10.5.0/lib/node_modules/npm/node_modules/npm-lifecycle/index.js:304:16)
13 verbose stack     at EventEmitter.emit (events.js:182:13)
13 verbose stack     at ChildProcess.<anonymous> (/Users/brandon/.nvm/versions/node/v10.5.0/lib/node_modules/npm/node_modules/npm-lifecycle/lib/spawn.js:55:14)
13 verbose stack     at ChildProcess.emit (events.js:182:13)
13 verbose stack     at maybeClose (internal/child_process.js:961:16)
13 verbose stack     at Process.ChildProcess._handle.onexit (internal/child_process.js:248:5)
14 verbose pkgid @
15 verbose cwd /Users/brandon/Desktop/HR/FEC
16 verbose Darwin 18.7.0
17 verbose argv "/Users/brandon/.nvm/versions/node/v10.5.0/bin/node" "/Users/brandon/.nvm/versions/node/v10.5.0/bin/npm" "run" "test" "--no-cache"
18 verbose node v10.5.0
19 verbose npm  v6.1.0
20 error code ELIFECYCLE
21 error errno 1
22 error @ test: `jest`
22 error Exit status 1
23 error Failed at the @ test script.
23 error This is probably not a problem with npm. There is likely additional logging output above.
24 verbose exit [ 1, true ]
